<?xml version="1.0" encoding="UTF-8"?>
<!-- Generated by org.testng.reporters.JUnitReportReporter -->
<testsuite hostname="penguin" failures="0" tests="1" name="app.learn.cacheddataserver.TestCachedApp" time="0.444" errors="0" timestamp="2022-11-13T09:38:03 IST" skipped="0">
  <testcase classname="app.learn.cacheddataserver.TestCachedApp" name="testCachedApp" time="0.444"/>
  <system-out/>
</testsuite> <!-- app.learn.cacheddataserver.TestCachedApp -->
